"../../../Engine/Content/Functions/Engine_MaterialFunctions02/Utility/BlendAngleCorrectedNormals.uasset" 0
"../../../Engine/Content/Functions/MaterialLayerFunctions/MatLayerBlend_NormalBlend.uasset" 1
"../../../Engine/Content/Functions/MaterialLayerFunctions/MatLayerBlend_Simple.uasset" 2
"../../../Dead_Stand/Content/Mannequin/Character/Materials/MaterialLayers/T_ML_Rubber_Blue_01_D.uasset" 3
"../../../Dead_Stand/Content/Mannequin/Character/Materials/MaterialLayers/T_ML_Rubber_Blue_01_N.uasset" 4
"../../../Dead_Stand/Content/Mannequin/Character/Materials/MaterialLayers/ML_GlossyBlack_Latex_UE4.uasset" 5
"../../../Dead_Stand/Content/Mannequin/Character/Materials/MaterialLayers/ML_Plastic_Shiny_Beige.uasset" 6
"../../../Dead_Stand/Content/Mannequin/Character/Textures/UE4_LOGO_CARD.uasset" 7
"../../../Dead_Stand/Content/Mannequin/Character/Materials/MaterialLayers/ML_Plastic_Shiny_Beige_LOGO.uasset" 8
"../../../Dead_Stand/Content/Mannequin/Character/Materials/MaterialLayers/T_ML_Aluminum01.uasset" 9
"../../../Dead_Stand/Content/Mannequin/Character/Materials/MaterialLayers/T_ML_Aluminum01_N.uasset" 10
"../../../Dead_Stand/Content/Mannequin/Character/Materials/MaterialLayers/ML_SoftMetal_UE4.uasset" 11
"../../../Dead_Stand/Content/Mannequin/Character/Textures/UE4_Mannequin__normals.uasset" 12
"../../../Dead_Stand/Content/Mannequin/Character/Textures/UE4_Mannequin_MAT_MASKA.uasset" 13
"../../../Dead_Stand/Content/Mannequin/Character/Materials/M_UE4Man_Body.uasset" 14
"../../../Dead_Stand/Content/Mannequin/Character/Textures/UE4Man_Logo_N.uasset" 15
"../../../Dead_Stand/Content/Mannequin/Character/Materials/M_UE4Man_ChestLogo.uasset" 16
"../../../Dead_Stand/Content/Mannequin/Character/Mesh/SK_Mannequin_PhysicsAsset.uasset" 17
"../../../Dead_Stand/Content/Mannequin/Character/Mesh/SK_Mannequin.uasset" 18
"../../../Dead_Stand/Content/Mannequin/Character/Mesh/UE4_Mannequin_Skeleton.uasset" 19
"../../../Dead_Stand/Content/Mannequin/Animations/ThirdPerson_Jump.uasset" 20
"../../../Dead_Stand/Content/Mannequin/Animations/ThirdPersonJump_Loop.uasset" 21
"../../../Dead_Stand/Content/Mannequin/Animations/ThirdPersonJump_Start.uasset" 22
"../../../Dead_Stand/Content/Mannequin/Animations/ThirdPersonIdle.uasset" 23
"../../../Dead_Stand/Content/Mannequin/Animations/ThirdPersonRun.uasset" 24
"../../../Dead_Stand/Content/Mannequin/Animations/ThirdPersonWalk.uasset" 25
"../../../Dead_Stand/Content/Mannequin/Animations/ThirdPerson_IdleRun_2D.uasset" 26
"../../../Engine/Content/EditorBlueprintResources/StandardMacros.uasset" 27
"../../../Dead_Stand/Content/Mannequin/Animations/ThirdPerson_AnimBP.uasset" 28
"../../../Dead_Stand/Content/ThirdPersonBP/Blueprints/ThirdPersonCharacter.uasset" 29
"../../../Engine/Content/EngineSky/C_Sky_Cloud_Color.uasset" 30
"../../../Engine/Content/EngineSky/C_Sky_Horizon_Color.uasset" 31
"../../../Engine/Content/EngineSky/C_Sky_Zenith_Color.uasset" 32
"../../../Engine/Content/EngineSky/T_Sky_Blue.uasset" 33
"../../../Engine/Content/EngineSky/T_Sky_Clouds_M.uasset" 34
"../../../Engine/Content/EngineSky/T_Sky_Stars.uasset" 35
"../../../Engine/Content/EngineSky/SM_SkySphere.uasset" 36
"../../../Engine/Content/EngineSky/M_Sky_Panning_Clouds2.uasset" 37
"../../../Engine/Content/EngineSky/BP_Sky_Sphere.uasset" 38
"../../../Dead_Stand/Content/ThirdPersonBP/Textures/Farm_House/FarmHouse_Object_ExtDoor_D.uasset" 39
"../../../Dead_Stand/Content/ThirdPersonBP/Textures/Farm_House/FarmHouse_Object_ExtDoor_N.uasset" 40
"../../../Dead_Stand/Content/ThirdPersonBP/Textures/Farm_House/Mat_FH_Obj_MainDoor_D.uasset" 41
"../../../Engine/Content/Functions/Engine_MaterialFunctions01/Opacity/CameraDepthFade.uasset" 42
"../../../Engine/Content/EngineMaterials/T_Default_Material_Grid_M.uasset" 43
"../../../Engine/Content/EngineMaterials/T_Default_Material_Grid_N.uasset" 44
"../../../Engine/Content/EngineMaterials/WorldGridMaterial.uasset" 45
"../../../Dead_Stand/Content/ThirdPersonBP/Meshes/Farm_House/Farm_house_MainDoor.uasset" 46
"../../../Dead_Stand/Content/Object_BPs/Door.uasset" 47
"../../../Dead_Stand/Content/ThirdPersonBP/Meshes/Farm_House/Farm_house_InteriorDoor.uasset" 48
"../../../Dead_Stand/Content/ThirdPersonBP/Meshes/Farm_House/Farm_house_InteriorDoor_DM.uasset" 49
"../../../Dead_Stand/Content/ThirdPersonBP/Meshes/Farm_House/Farm_house_Window.uasset" 50
"../../../Dead_Stand/Content/ThirdPersonBP/Meshes/Farm_House/Farm_house_Window_DM.uasset" 51
"../../../Dead_Stand/Content/ThirdPersonBP/Meshes/Farm_House/Farm_house_WindowSmall.uasset" 52
"../../../Dead_Stand/Content/ThirdPersonBP/Meshes/Farm_House/Farm_house_WindowSmall_DM.uasset" 53
"../../../Dead_Stand/Content/ThirdPersonBP/Textures/Landscape/LandscapeRef/GrassBase_LayerInfo.uasset" 54
"../../../Dead_Stand/Content/ThirdPersonBP/Textures/Landscape/LandscapeRef/Gravel_LayerInfo.uasset" 55
"../../../Dead_Stand/Content/ThirdPersonBP/Textures/Landscape/LandscapeRef/MudDirt_LayerInfo.uasset" 56
"../../../Engine/Content/BasicShapes/BasicShapeMaterial.uasset" 57
"../../../Dead_Stand/Content/ThirdPersonBP/Textures/Farm_House/FarmHouse_Floor_Bedroom1_D.uasset" 58
"../../../Dead_Stand/Content/ThirdPersonBP/Textures/Farm_House/FarmHouse_Floor_Bedroom1_N.uasset" 59
"../../../Dead_Stand/Content/ThirdPersonBP/Textures/Farm_House/Noise_Mid.uasset" 60
"../../../Dead_Stand/Content/ThirdPersonBP/Textures/Farm_House/Mat_FH_Floor_Bedroom1.uasset" 61
"../../../Dead_Stand/Content/ThirdPersonBP/Textures/Farm_House/Mat_FH_Floor_Bedroom2.uasset" 62
"../../../Dead_Stand/Content/ThirdPersonBP/Textures/Farm_House/FarmHouse_Floor_BRtile_D.uasset" 63
"../../../Dead_Stand/Content/ThirdPersonBP/Textures/Farm_House/FarmHouse_Floor_BRtile_N.uasset" 64
"../../../Dead_Stand/Content/ThirdPersonBP/Textures/Farm_House/FarmHouse_Floor_BRtile_S.uasset" 65
"../../../Dead_Stand/Content/ThirdPersonBP/Textures/Farm_House/Mat_FH_Floor_BR1tile.uasset" 66
"../../../Dead_Stand/Content/ThirdPersonBP/Textures/Farm_House/FarmHouse_Floor_TiledMarble_D.uasset" 67
"../../../Dead_Stand/Content/ThirdPersonBP/Textures/Farm_House/FarmHouse_Floor_TiledMarble_N.uasset" 68
"../../../Dead_Stand/Content/ThirdPersonBP/Textures/Farm_House/FarmHouse_Floor_TiledMarble_S.uasset" 69
"../../../Dead_Stand/Content/ThirdPersonBP/Textures/Farm_House/Noise_soft.uasset" 70
"../../../Dead_Stand/Content/ThirdPersonBP/Textures/Farm_House/Mat_FH_Floor_Marbletile.uasset" 71
"../../../Dead_Stand/Content/ThirdPersonBP/Textures/Farm_House/FarmHouse_Floor_woodV1_D.uasset" 72
"../../../Dead_Stand/Content/ThirdPersonBP/Textures/Farm_House/FarmHouse_Floor_woodV1_N.uasset" 73
"../../../Dead_Stand/Content/ThirdPersonBP/Textures/Farm_House/Mat_FH_Floor_Wood.uasset" 74
"../../../Dead_Stand/Content/ThirdPersonBP/Textures/Farm_House/FarmHouse_Object_Archway_D.uasset" 75
"../../../Dead_Stand/Content/ThirdPersonBP/Textures/Farm_House/FarmHouse_Object_Archway_N.uasset" 76
"../../../Dead_Stand/Content/ThirdPersonBP/Textures/Farm_House/Mat_FH_Obj_Archway.uasset" 77
"../../../Dead_Stand/Content/ThirdPersonBP/Textures/Farm_House/FarmHouse_Object_IntDoor_D.uasset" 78
"../../../Dead_Stand/Content/ThirdPersonBP/Textures/Farm_House/FarmHouse_Object_IntDoor_N.uasset" 79
"../../../Dead_Stand/Content/ThirdPersonBP/Textures/Farm_House/Mat_FH_Obj_IntDoor_D.uasset" 80
"../../../Dead_Stand/Content/ThirdPersonBP/Textures/Farm_House/FarmHouse_Object_OutdoorSteps_D.uasset" 81
"../../../Dead_Stand/Content/ThirdPersonBP/Textures/Farm_House/FarmHouse_Object_OutdoorSteps_N.uasset" 82
"../../../Dead_Stand/Content/ThirdPersonBP/Textures/Farm_House/Mat_FH_Obj_OutDoorSteps.uasset" 83
"../../../Dead_Stand/Content/ThirdPersonBP/Textures/Farm_House/FarmHouse_Object_PorchRail_D.uasset" 84
"../../../Dead_Stand/Content/ThirdPersonBP/Textures/Farm_House/Wood_WhitePainted_N.uasset" 85
"../../../Dead_Stand/Content/ThirdPersonBP/Textures/Farm_House/Mat_FH_Obj_PorchRail.uasset" 86
"../../../Dead_Stand/Content/ThirdPersonBP/Textures/Farm_House/FarmHouse_Object_PorchRailPost_D.uasset" 87
"../../../Dead_Stand/Content/ThirdPersonBP/Textures/Farm_House/FarmHouse_Object_PorchRailPost_N.uasset" 88
"../../../Dead_Stand/Content/ThirdPersonBP/Textures/Farm_House/FarmHouse_Object_PorchRailPost_S.uasset" 89
"../../../Dead_Stand/Content/ThirdPersonBP/Textures/Farm_House/Mat_FH_Obj_PorchRailPost.uasset" 90
"../../../Dead_Stand/Content/ThirdPersonBP/Textures/Farm_House/FarmHouse_Object_Window_D.uasset" 91
"../../../Dead_Stand/Content/ThirdPersonBP/Textures/Farm_House/FarmHouse_Object_Window_N.uasset" 92
"../../../Dead_Stand/Content/ThirdPersonBP/Textures/Farm_House/Mat_FH_Obj_Window.uasset" 93
"../../../Dead_Stand/Content/ThirdPersonBP/Textures/Farm_House/Mat_FH_Obj_Window_Glass.uasset" 94
"../../../Dead_Stand/Content/ThirdPersonBP/Textures/Farm_House/FarmHouse_Rooftop_D.uasset" 95
"../../../Dead_Stand/Content/ThirdPersonBP/Textures/Farm_House/Mat_FH_Rooftop.uasset" 96
"../../../Dead_Stand/Content/ThirdPersonBP/Textures/Farm_House/FarmHouse_Object_Stairs_D.uasset" 97
"../../../Dead_Stand/Content/ThirdPersonBP/Textures/Farm_House/FarmHouse_Object_Stairs_N.uasset" 98
"../../../Dead_Stand/Content/ThirdPersonBP/Textures/Farm_House/Mat_FH_Stairs.uasset" 99
"../../../Dead_Stand/Content/ThirdPersonBP/Textures/Farm_House/FarmHouse_Wall_Bathroom1_D.uasset" 100
"../../../Dead_Stand/Content/ThirdPersonBP/Textures/Farm_House/FarmHouse_Wall_Bathroom1_N.uasset" 101
"../../../Dead_Stand/Content/ThirdPersonBP/Textures/Farm_House/Mat_FH_Wall_Bathroom1.uasset" 102
"../../../Dead_Stand/Content/ThirdPersonBP/Textures/Farm_House/FarmHouse_Wall_BedRoom1_D.uasset" 103
"../../../Dead_Stand/Content/ThirdPersonBP/Textures/Farm_House/FarmHouse_Wall_BedRoom1_N.uasset" 104
"../../../Dead_Stand/Content/ThirdPersonBP/Textures/Farm_House/FarmHouse_Wall_Damaged_N.uasset" 105
"../../../Dead_Stand/Content/ThirdPersonBP/Textures/Farm_House/Mat_FH_Wall_BedRoom1.uasset" 106
"../../../Dead_Stand/Content/ThirdPersonBP/Textures/Farm_House/FarmHouse_Wall_Bedroom2_D.uasset" 107
"../../../Dead_Stand/Content/ThirdPersonBP/Textures/Farm_House/FarmHouse_Wall_Bedroom2_N.uasset" 108
"../../../Dead_Stand/Content/ThirdPersonBP/Textures/Farm_House/Mat_FH_Wall_BedRoom2.uasset" 109
"../../../Dead_Stand/Content/ThirdPersonBP/Textures/Farm_House/FarmHouse_Wall_Brick_D.uasset" 110
"../../../Dead_Stand/Content/ThirdPersonBP/Textures/Farm_House/FarmHouse_Wall_Brick_N.uasset" 111
"../../../Dead_Stand/Content/ThirdPersonBP/Textures/Farm_House/Mat_FH_Wall_Brick_foundation.uasset" 112
"../../../Dead_Stand/Content/ThirdPersonBP/Textures/Farm_House/FarmHouse_Wall_Kitchen_D.uasset" 113
"../../../Dead_Stand/Content/ThirdPersonBP/Textures/Farm_House/NoiseWall.uasset" 114
"../../../Dead_Stand/Content/ThirdPersonBP/Textures/Farm_House/Mat_FH_Wall_Kitcken.uasset" 115
"../../../Dead_Stand/Content/ThirdPersonBP/Textures/Farm_House/FarmHouse_Wall_LivingRoom_D.uasset" 116
"../../../Dead_Stand/Content/ThirdPersonBP/Textures/Farm_House/FarmHouse_Wall_LivingRoom_N.uasset" 117
"../../../Dead_Stand/Content/ThirdPersonBP/Textures/Farm_House/Mat_FH_Wall_LivingRoom.uasset" 118
"../../../Dead_Stand/Content/ThirdPersonBP/Textures/Farm_House/FarmHouse_Wall_Siding_N.uasset" 119
"../../../Dead_Stand/Content/ThirdPersonBP/Textures/Farm_House/FarmHouse_Wall_SidingV1_D.uasset" 120
"../../../Dead_Stand/Content/ThirdPersonBP/Textures/Farm_House/FarmHouse_Wall_SidingV2_D.uasset" 121
"../../../Dead_Stand/Content/ThirdPersonBP/Textures/Farm_House/Noise_Hard.uasset" 122
"../../../Dead_Stand/Content/ThirdPersonBP/Textures/Farm_House/Mat_FH_Wall_Siding.uasset" 123
"../../../Dead_Stand/Content/ThirdPersonBP/Textures/Farm_House/Wood_WhitePainted_D.uasset" 124
"../../../Dead_Stand/Content/ThirdPersonBP/Textures/Farm_House/Mat_Wood_whitepainted.uasset" 125
"../../../Dead_Stand/Content/ThirdPersonBP/Textures/Landscape/Landscape_Grass_base1_D.uasset" 126
"../../../Dead_Stand/Content/ThirdPersonBP/Textures/Landscape/Landscape_Grass_base1_N.uasset" 127
"../../../Dead_Stand/Content/ThirdPersonBP/Textures/Landscape/Landscape_Grass_base2_D.uasset" 128
"../../../Dead_Stand/Content/ThirdPersonBP/Textures/Landscape/Landscape_Grass_base2_N.uasset" 129
"../../../Dead_Stand/Content/ThirdPersonBP/Textures/Landscape/Landscape_Gravel_D.uasset" 130
"../../../Dead_Stand/Content/ThirdPersonBP/Textures/Landscape/Landscape_Gravel_N.uasset" 131
"../../../Dead_Stand/Content/ThirdPersonBP/Textures/Landscape/Landscape_Mud_D.uasset" 132
"../../../Dead_Stand/Content/ThirdPersonBP/Textures/Landscape/Landscape_Mud_N.uasset" 133
"../../../Dead_Stand/Content/ThirdPersonBP/Textures/Landscape/Mat_Landscape.uasset" 134
"../../../Engine/Content/BasicShapes/Cube.uasset" 135
"../../../Engine/Content/EngineMaterials/DefaultPhysicalMaterial.uasset" 136
"../../../Dead_Stand/Content/ThirdPersonBP/Meshes/Farm_House/Farm_house_1F_Exterior.uasset" 137
"../../../Dead_Stand/Content/ThirdPersonBP/Meshes/Farm_House/Farm_house_1F_Floor.uasset" 138
"../../../Dead_Stand/Content/ThirdPersonBP/Meshes/Farm_House/Farm_house_1F_Interior.uasset" 139
"../../../Dead_Stand/Content/ThirdPersonBP/Meshes/Farm_House/Farm_house_2F_Exterior.uasset" 140
"../../../Dead_Stand/Content/ThirdPersonBP/Meshes/Farm_House/Farm_house_2F_Floor.uasset" 141
"../../../Dead_Stand/Content/ThirdPersonBP/Meshes/Farm_House/Farm_house_2F_Interior.uasset" 142
"../../../Dead_Stand/Content/ThirdPersonBP/Meshes/Farm_House/Farm_house_3F_Exterior.uasset" 143
"../../../Dead_Stand/Content/ThirdPersonBP/Meshes/Farm_House/Farm_house_Archway.uasset" 144
"../../../Dead_Stand/Content/ThirdPersonBP/Meshes/Farm_House/Farm_house_Fondation.uasset" 145
"../../../Dead_Stand/Content/ThirdPersonBP/Meshes/Farm_House/Farm_house_InteriorDoorFrame.uasset" 146
"../../../Dead_Stand/Content/ThirdPersonBP/Meshes/Farm_House/Farm_house_MainDoorFrame.uasset" 147
"../../../Dead_Stand/Content/ThirdPersonBP/Meshes/Farm_House/Farm_house_Porch.uasset" 148
"../../../Dead_Stand/Content/ThirdPersonBP/Meshes/Farm_House/Farm_house_PorchRailing.uasset" 149
"../../../Dead_Stand/Content/ThirdPersonBP/Meshes/Farm_House/Farm_house_PorchRailingBroken.uasset" 150
"../../../Dead_Stand/Content/ThirdPersonBP/Meshes/Farm_House/Farm_house_PorchRailingPost.uasset" 151
"../../../Dead_Stand/Content/ThirdPersonBP/Meshes/Farm_House/Farm_house_Stairs.uasset" 152
"../../../Dead_Stand/Content/ThirdPersonBP/Meshes/Farm_House/Farm_house_StairsRailing.uasset" 153
"../../../Dead_Stand/Content/ThirdPersonBP/Meshes/Farm_House/Farm_house_WindowFrame.uasset" 154
"../../../Dead_Stand/Content/ThirdPersonBP/Meshes/Farm_House/Farm_house_WindowFrameSmall.uasset" 155
"../../../Dead_Stand/Content/ThirdPersonBP/Meshes/Farm_House/Farm_house_WoodSteps.uasset" 156
"../../../Dead_Stand/Content/ThirdPersonBP/Maps/ThirdPersonExampleMap.umap" 157
"../../../Engine/Content/EngineFonts/Roboto.uasset" 158
"../../../Engine/Content/Functions/Engine_MaterialFunctions01/Shading/PowerToRoughness.uasset" 159
"../../../Engine/Content/EngineMaterials/DefaultDiffuse.uasset" 160
"../../../Engine/Content/EngineMaterials/DefaultDeferredDecalMaterial.uasset" 161
"../../../Engine/Content/EngineMaterials/DefaultLightFunctionMaterial.uasset" 162
"../../../Engine/Content/Functions/Engine_MaterialFunctions02/Utility/BreakOutFloat2Components.uasset" 163
"../../../Engine/Content/EngineMaterials/DefaultPostProcessMaterial.uasset" 164
"../../../Engine/Content/EngineResources/DefaultTexture.uasset" 165
"../../../Engine/Content/Functions/Engine_MaterialFunctions02/Texturing/ScreenAlignedUVs.uasset" 166
"../../../Engine/Content/EngineResources/WhiteSquareTexture.uasset" 167
"../../../Engine/Content/EngineMaterials/Widget3DPassThrough.uasset" 168
"../../../Engine/Content/EngineMaterials/Widget3DPassThrough_Translucent.uasset" 169
"../../../Engine/Content/EngineMaterials/Widget3DPassThrough_Translucent_OneSided.uasset" 170
"../../../Engine/Content/EngineMaterials/Widget3DPassThrough_Opaque.uasset" 171
"../../../Engine/Content/EngineMaterials/Widget3DPassThrough_Opaque_OneSided.uasset" 172
"../../../Engine/Content/EngineMaterials/Widget3DPassThrough_Masked.uasset" 173
"../../../Engine/Content/EngineMaterials/Widget3DPassThrough_Masked_OneSided.uasset" 174
"../../../Engine/Content/EditorResources/S_Actor.uasset" 175
"../../../Engine/Content/EditorResources/S_Emitter.uasset" 176
"../../../Engine/Content/EditorResources/SceneManager.uasset" 177
"../../../Engine/Content/EditorResources/Bad.uasset" 178
"../../../Engine/Content/EditorResources/Bkgnd.uasset" 179
"../../../Engine/Content/EditorResources/BkgndHi.uasset" 180
"../../../Engine/Content/EditorMeshes/EditorCube.uasset" 181
"../../../Engine/Content/EditorMeshes/EditorSphere.uasset" 182
"../../../Engine/Content/EditorMeshes/EditorPlane.uasset" 183
"../../../Engine/Content/EditorMeshes/EditorCylinder.uasset" 184
"../../../Engine/Content/Maps/Templates/Thumbnails/Default.uasset" 185
"../../../Engine/Content/EditorMaterials/Thumbnails/SkySphereMaterial.uasset" 186
"../../../Engine/Content/EditorMeshes/EditorSkySphere.uasset" 187
"../../../Engine/Content/EngineMaterials/Grid.uasset" 188
"../../../Engine/Content/EditorMaterials/Thumbnails/FloorPlaneMaterial.uasset" 189
"../../../Engine/Content/MapTemplates/Sky/DaylightAmbientCubemap.uasset" 190
"../../../Engine/Content/EditorMaterials/ParticleSystems/PSysThumbnail_NoImage.uasset" 191
"../../../Engine/Content/EditorMaterials/ParticleSystems/PSysThumbnail_OOD.uasset" 192
"../../../Engine/Content/EditorResources/S_DecalActorIcon.uasset" 193
"../../../Engine/Content/EditorLandscapeResources/LandscapeGizmo_Mat.uasset" 194
"../../../Engine/Content/EditorLandscapeResources/LandscapeGizmo_Mat_Copied.uasset" 195
"../../../Engine/Content/EditorLandscapeResources/LandscapeGizmoHeight_Mat.uasset" 196
"../../../Engine/Content/EditorLandscapeResources/DataLayer.uasset" 197
"../../../Engine/Content/EditorResources/S_Terrain.uasset" 198
"../../../Engine/Content/EditorLandscapeResources/SplineEditorMeshMat.uasset" 199
"../../../Engine/Content/EditorLandscapeResources/SplineEditorMesh.uasset" 200
"../../../Engine/Content/EditorResources/MatineeCam_D.uasset" 201
"../../../Engine/Content/EditorMaterials/MatineeCam_mat.uasset" 202
"../../../Engine/Content/EditorMeshes/MatineeCam_SM.uasset" 203
"../../../Engine/Content/Functions/Engine_MaterialFunctions02/Utility/Sign.uasset" 204
"../../../Engine/Content/Functions/Engine_MaterialFunctions02/Utility/Round.uasset" 205
"../../../Engine/Content/Functions/Engine_MaterialFunctions02/ExampleContent/Textures/flipbook.uasset" 206
"../../../Engine/Content/Functions/Engine_MaterialFunctions02/Texturing/FlipBook.uasset" 207
"../../../Engine/Content/EditorResources/T_EditorHelp.uasset" 208
"../../../Engine/Content/EditorMaterials/HelpActorMaterial.uasset" 209
"../../../Engine/Content/EditorResources/S_ExpoHeightFog.uasset" 210
"../../../Engine/Content/EditorResources/S_NavP.uasset" 211
"../../../Engine/Content/EditorResources/S_Player.uasset" 212
"../../../Engine/Content/EditorResources/LightIcons/SkyLight.uasset" 213
"../../../Engine/Content/EditorResources/S_WindDirectional.uasset" 214
"../../../Engine/Content/EngineDamageTypes/DmgTypeBP_Environmental.uasset" 215
"../../../Engine/Content/EditorResources/LightIcons/S_LightDirectional.uasset" 216
"../../../Engine/Content/EditorResources/LightIcons/S_LightDirectionalMove.uasset" 217
"../../../Engine/Content/EditorResources/LightIcons/S_LightPoint.uasset" 218
"../../../Engine/Content/EditorResources/LightIcons/S_LightPointMove.uasset" 219
"../../../Engine/Content/EditorResources/LightIcons/S_LightSpot.uasset" 220
"../../../Engine/Content/EditorResources/LightIcons/S_LightSpotMove.uasset" 221
"../../../Engine/Content/EditorResources/MatInstActSprite.uasset" 222
"../../../Engine/Content/EditorResources/AI/S_NavLink.uasset" 223
"../../../Engine/Content/EditorResources/S_Note.uasset" 224
"../../../Engine/Content/EngineMeshes/Sphere.uasset" 225
"../../../Engine/Content/EditorResources/S_ReflActorIcon.uasset" 226
"../../../Engine/Content/EditorResources/S_Thruster.uasset" 227
"../../../Engine/Content/EditorResources/S_RadForce.uasset" 228
"../../../Engine/Content/EditorMaterials/TargetIcon.uasset" 229
"../../../Engine/Content/EngineFonts/RobotoDistanceField.uasset" 230
"../../../Engine/Content/EngineMaterials/DefaultTextMaterialOpaque.uasset" 231
"../../../Engine/Content/EditorResources/S_TextRenderActorIcon.uasset" 232
"../../../Engine/Content/EditorResources/S_Trigger.uasset" 233
"../../../Engine/Content/EditorResources/S_VectorFieldVol.uasset" 234
"../../../Engine/Content/EngineResources/GradientTexture0.uasset" 235
"../../../Engine/Content/EngineResources/Black.uasset" 236
"../../../Engine/Content/EditorMaterials/MatineeGroups/MAT_Groups_Float.uasset" 237
"../../../Engine/Content/EditorMaterials/MatineeGroups/MAT_Groups_Director.uasset" 238
"../../../Engine/Content/EditorMaterials/MatineeGroups/MAT_Groups_Event.uasset" 239
"../../../Engine/Content/EditorMaterials/MatineeGroups/MAT_Groups_Anim.uasset" 240
"../../../Engine/Content/EditorMaterials/MatineeGroups/MAT_Groups_Fade.uasset" 241
"../../../Engine/Content/EditorMaterials/MatineeGroups/MAT_Groups_Move.uasset" 242
"../../../Engine/Content/EditorMaterials/MatineeGroups/MAT_Groups_Slomo.uasset" 243
"../../../Engine/Content/EditorMaterials/MatineeGroups/MAT_ColorTrack.uasset" 244
"../../../Engine/Content/EditorMaterials/MAT_Groups_Toggle.uasset" 245
"../../../Engine/Content/EditorMaterials/MatineeGroups/MAT_Groups_AudioMaster.uasset" 246
"../../../Engine/Content/EditorMaterials/MatineeGroups/MAT_Groups_Sound.uasset" 247
"../../../Engine/Content/EditorMaterials/MatineeGroups/MAT_Groups_Vector.uasset" 248
"../../../Engine/Content/EditorMaterials/MAT_Groups_Visibility.uasset" 249
"../../../Engine/Content/EngineResources/DefaultTextureCube.uasset" 250
"../../../Engine/Content/EngineMaterials/DefaultMaterial.uasset" 251
"../../../Engine/Content/EngineMeshes/Cylinder.uasset" 252
"../../../Engine/Content/EngineTireTypes/DefaultTireType.uasset" 253
"../../../Engine/Content/EditorResources/S_FTest.uasset" 254
"../../../Engine/Content/EngineResources/AICON-Red.uasset" 255
"../../../Engine/Content/EngineResources/AICON-Green.uasset" 256
"../../../Engine/Plugins/2D/Paper2D/Content/PlaceholderTextures/DummySpriteTexture.uasset" 257
"../../../Engine/Plugins/2D/Paper2D/Content/DefaultSpriteMaterial.uasset" 258
"../../../Engine/Plugins/2D/Paper2D/Content/MaskedUnlitSpriteMaterial.uasset" 259
"../../../Engine/Plugins/2D/Paper2D/Content/OpaqueUnlitSpriteMaterial.uasset" 260
"../../../Engine/Plugins/2D/Paper2D/Content/DummySprite.uasset" 261
"../../../Engine/Plugins/2D/Paper2D/Content/DefaultPaperTerrainMaterial.uasset" 262
"../../../Engine/Content/EditorSounds/Notifications/CompileSuccess.uasset" 263
"../../../Engine/Content/EditorSounds/Notifications/CompileStart_Cue.uasset" 264
"../../../Engine/Content/EditorSounds/Notifications/CompileSuccess_Cue.uasset" 265
"../../../Engine/Content/EditorSounds/Notifications/CompileFailed.uasset" 266
"../../../Engine/Content/EditorSounds/Notifications/CompileFailed_Cue.uasset" 267
"../../../Engine/Content/BufferVisualization/BaseColor.uasset" 268
"../../../Engine/Content/BufferVisualization/CustomDepth.uasset" 269
"../../../Engine/Content/Functions/Engine_MaterialFunctions02/Utility/MakeFloat2.uasset" 270
"../../../Engine/Content/Functions/Engine_MaterialFunctions02/Utility/MakeFloat3.uasset" 271
"../../../Engine/Content/EngineMaterials/MiniFont.uasset" 272
"../../../Engine/Content/BufferVisualization/CustomStencil.uasset" 273
"../../../Engine/Content/BufferVisualization/DecalMask.uasset" 274
"../../../Engine/Content/BufferVisualization/FinalImage.uasset" 275
"../../../Engine/Content/BufferVisualization/LightingModel.uasset" 276
"../../../Engine/Content/BufferVisualization/MaterialAO.uasset" 277
"../../../Engine/Content/BufferVisualization/Metallic.uasset" 278
"../../../Engine/Content/BufferVisualization/Opacity.uasset" 279
"../../../Engine/Content/BufferVisualization/Roughness.uasset" 280
"../../../Engine/Content/BufferVisualization/SceneColor.uasset" 281
"../../../Engine/Content/BufferVisualization/SceneDepth.uasset" 282
"../../../Engine/Content/BufferVisualization/SeparateTranslucencyRGB.uasset" 283
"../../../Engine/Content/BufferVisualization/SeparateTranslucencyA.uasset" 284
"../../../Engine/Content/BufferVisualization/Specular.uasset" 285
"../../../Engine/Content/BufferVisualization/SubsurfaceColor.uasset" 286
"../../../Engine/Content/BufferVisualization/WorldNormal.uasset" 287
"../../../Engine/Content/BufferVisualization/AmbientOcclusion.uasset" 288
"../../../Engine/Content/Functions/Engine_MaterialFunctions02/Utility/VectorLength.uasset" 289
"../../../Engine/Content/BufferVisualization/CustomDepthWorldUnits.uasset" 290
"../../../Engine/Content/BufferVisualization/SceneDepthWorldUnits.uasset" 291
"../../../Engine/Plugins/Runtime/LeapMotionController/Content/LM_CapsuleMesh.uasset" 292
"../../../Engine/Plugins/Runtime/LeapMotionController/Content/LM_TorusMesh.uasset" 293
"../../../Engine/Plugins/Runtime/LeapMotionController/Content/LM_HandColor.uasset" 294
"../../../Engine/Plugins/Runtime/LeapMotionController/Content/LM_SampleDistortion.uasset" 295
"../../../Engine/Plugins/Runtime/LeapMotionController/Content/LM_TestTexture.uasset" 296
"../../../Engine/Plugins/Runtime/LeapMotionController/Content/LM_PassthroughMaterial.uasset" 297
"../../../Engine/Content/EngineMaterials/HighResolutionScreenshotMaskFunction.uasset" 298
"../../../Engine/Content/EngineMaterials/HighResScreenshot.uasset" 299
"../../../Engine/Content/EngineMaterials/HighResScreenshotMask.uasset" 300
"../../../Engine/Content/EngineMaterials/HighResScreenshotCaptureRegion.uasset" 301
"../../../Engine/Content/EngineDebugMaterials/WireframeMaterial.uasset" 302
"../../../Engine/Content/Functions/Engine_MaterialFunctions01/Shading/ConvertFromDiffSpec.uasset" 303
"../../../Engine/Content/EngineDebugMaterials/LevelColorationLitMaterial.uasset" 304
"../../../Engine/Content/EngineDebugMaterials/LevelColorationUnlitMaterial.uasset" 305
"../../../Engine/Content/EngineMaterials/DefaultWhiteGrid.uasset" 306
"../../../Engine/Content/EngineDebugMaterials/MAT_LevelColorationLitLightmapUV.uasset" 307
"../../../Engine/Content/EngineDebugMaterials/ShadedLevelColorationLitMaterial.uasset" 308
"../../../Engine/Content/EngineDebugMaterials/ShadedLevelColorationUnlitMateri.uasset" 309
"../../../Engine/Content/EngineDebugMaterials/VertexColorMaterial.uasset" 310
"../../../Engine/Content/EngineDebugMaterials/VertexColorViewMode_ColorOnly.uasset" 311
"../../../Engine/Content/EngineDebugMaterials/VertexColorViewMode_AlphaAsColor.uasset" 312
"../../../Engine/Content/EngineDebugMaterials/VertexColorViewMode_RedOnly.uasset" 313
"../../../Engine/Content/EngineDebugMaterials/VertexColorViewMode_GreenOnly.uasset" 314
"../../../Engine/Content/EngineDebugMaterials/VertexColorViewMode_BlueOnly.uasset" 315
"../../../Engine/Content/EngineMaterials/RemoveSurfaceMaterial.uasset" 316
"../../../Engine/Content/EngineDebugMaterials/DebugMeshMaterial.uasset" 317
"../../../Engine/Content/EngineMaterials/InvalidLightmapSettings.uasset" 318
"../../../Engine/Content/EngineMaterials/M_InvalidLightmapSettings.uasset" 319
"../../../Engine/Content/EditorMaterials/GizmoMaterial.uasset" 320
"../../../Engine/Content/EngineDebugMaterials/GeomMaterial.uasset" 321
"../../../Engine/Content/EngineMaterials/EditorBrushMaterial.uasset" 322
"../../../Engine/Content/EngineDebugMaterials/HeatmapGradient.uasset" 323
"../../../Engine/Content/EngineDebugMaterials/BoneWeightMaterial.uasset" 324
"../../../Engine/Content/EditorMaterials/PreviewShadowIndicator.uasset" 325
"../../../Engine/Content/EditorMaterials/PreviewShadowIndicatorMaterial.uasset" 326
"../../../Engine/Content/EditorMaterials/PhAT_JointLimitMaterial.uasset" 327
"../../../Engine/Content/EditorResources/BSPVertex.uasset" 328
"../../../Engine/Content/EngineMaterials/Good64x64TilingNoiseHighFreq.uasset" 329
"../../../Engine/Content/EngineMaterials/DefaultBokeh.uasset" 330
"../../../Engine/Content/EngineMaterials/PreintegratedSkinBRDF.uasset" 331
"../../../Engine/Content/EngineMaterials/WeightMapPlaceholderTexture.uasset" 332
"../../../Engine/Content/EngineFonts/RobotoTiny.uasset" 333
"../../../Engine/Content/Tutorial/Basics/LevelEditorAttract.uasset" 334
"../../../Engine/Content/Tutorial/Basics/TutorialAssets/icon_tab_Levels_40x.uasset" 335
"../../../Engine/Content/Tutorial/Basics/LevelEditorOverview.uasset" 336
"../../../Engine/Content/Tutorial/ContentIntroCurve.uasset" 337
"../../../Engine/Content/EditorMaterials/Cross.uasset" 338
"../../../Engine/Content/EditorMaterials/Cross_Mat.uasset" 339
"../../../Engine/Content/EditorMaterials/PhAT_BoneSelectedMaterial.uasset" 340
"../../../Engine/Content/EditorMaterials/PhAT_ElemSelectedMaterial.uasset" 341
"../../../Engine/Content/EditorMaterials/PhAT_NoCollisionMaterial.uasset" 342
"../../../Engine/Content/EditorMaterials/PhAT_UnselectedMaterial.uasset" 343
"../../../Engine/Content/EditorMaterials/Tick.uasset" 344
"../../../Engine/Content/EditorMaterials/Tick_Mat.uasset" 345
"../../../Engine/Content/EditorMaterials/WidgetGridVertexColorMaterial.uasset" 346
"../../../Engine/Content/EditorMaterials/WidgetGridVertexColorMaterial_Ma.uasset" 347
"../../../Engine/Content/EditorMaterials/WidgetMaterial.uasset" 348
"../../../Engine/Content/EditorMaterials/WidgetMaterial_Current.uasset" 349
"../../../Engine/Content/EditorMaterials/WidgetMaterial_X.uasset" 350
"../../../Engine/Content/EditorMaterials/WidgetMaterial_Y.uasset" 351
"../../../Engine/Content/EditorMaterials/WidgetMaterial_Z.uasset" 352
"../../../Engine/Content/EditorMaterials/WidgetVertexColorMaterial.uasset" 353
"../../../Engine/Content/EditorMaterials/CompositeARGBLayer.uasset" 354
"../../../Engine/Content/EditorMaterials/TilingAALineIntegral.uasset" 355
"../../../Engine/Content/EditorMaterials/TilingAALineBoxFiltered.uasset" 356
"../../../Engine/Content/Functions/Engine_MaterialFunctions03/Procedurals/ComputeFilterWidth.uasset" 357
"../../../Engine/Content/EditorMaterials/TilingAADots.uasset" 358
"../../../Engine/Content/EditorMaterials/Cascade/CASC_Cross.uasset" 359
"../../../Engine/Content/EditorMaterials/Cascade/CASC_None.uasset" 360
"../../../Engine/Content/Functions/Engine_MaterialFunctions03/Blends/Blend_Screen.uasset" 361
"../../../Engine/Content/EditorMaterials/TilingAAGrid.uasset" 362
"../../../Engine/Content/EditorMaterials/LevelGridMaterial.uasset" 363
"../../../Engine/Content/EditorResources/SmallFont.uasset" 364
"../../../Engine/Content/EditorResources/S_KBSJoint.uasset" 365
"../../../Engine/Content/EditorResources/S_KHinge.uasset" 366
"../../../Engine/Content/EditorResources/S_KPrismatic.uasset" 367
"../../../Engine/Content/EditorResources/LightIcons/S_LightError.uasset" 368
"../../../Engine/Content/EditorResources/Spline/T_Loft_Spline.uasset" 369
"../../../Engine/Content/EngineMaterials/BlinkingCaret.uasset" 370
"../../../Engine/Content/EngineMaterials/DefaultNormal.uasset" 371
"../../../Engine/Content/EngineMaterials/Grid_N.uasset" 372
"../../../Engine/Content/EngineMaterials/LandscapeHolePhysicalMaterial.uasset" 373
"../../../Engine/Content/EngineMaterials/PaperDiffuse.uasset" 374
"../../../Engine/Content/EngineMaterials/PaperNormal.uasset" 375
"../../../Engine/Content/EngineMaterials/PhysMat_Rubber.uasset" 376
"../../../Engine/Content/EngineFonts/SmallFont.uasset" 377
"../../../Engine/Content/EngineFonts/TinyFont.uasset" 378
"../../../Engine/Content/EngineResources/StreamingPauseIcon.uasset" 379
"../../../Engine/Content/EngineResources/M_StreamingPause.uasset" 380
"../../../Engine/Content/EditorLandscapeResources/DefaultAlphaTexture.uasset" 381
"../../../Engine/Content/MobileResources/T_MobileControls_texture.uasset" 382
"../../../Engine/Content/MobileResources/HUD/MobileHUDDirectionPad.uasset" 383
"../../../Engine/Content/MobileResources/HUD/MobileHUDButton2_off.uasset" 384
"../../../Engine/Content/MobileResources/HUD/MobileHUDDirectionPad3.uasset" 385
"../../../Engine/Content/MobileResources/HUD/MobileHUDButton1_off.uasset" 386
"../../../Engine/Content/MobileResources/HUD/MobileHUDButton3.uasset" 387
"../../../Engine/Content/MobileResources/HUD/T_Castle_ThumbstickInner.uasset" 388
"../../../Engine/Content/EditorSounds/GamePreview/EndPlayInEditor.uasset" 389
"../../../Engine/Content/EditorSounds/GamePreview/EndPlayInEditor_Cue.uasset" 390
"../../../Engine/Content/EditorSounds/GamePreview/EndSimulate.uasset" 391
"../../../Engine/Content/EditorSounds/GamePreview/EndSimulate_Cue.uasset" 392
"../../../Engine/Content/EditorSounds/GamePreview/PossessPlayer.uasset" 393
"../../../Engine/Content/EditorSounds/GamePreview/PossessPlayer_Cue.uasset" 394
"../../../Engine/Content/MobileResources/T_MobileMenu2.uasset" 395
"../../../Engine/Content/MobileResources/HUD/AnalogHat.uasset" 396
"../../../Engine/Content/MobileResources/HUD/VirtualJoystick_Background.uasset" 397
"../../../Engine/Content/MobileResources/HUD/VirtualJoystick_Thumb.uasset" 398
"../../../Engine/Content/MobileResources/HUD/DefaultVirtualJoysticks.uasset" 399
"../../../Dead_Stand/Content/ThirdPersonBP/Blueprints/ThirdPersonGameMode.uasset" 400
"../../../Engine/Content/MobileResources/HUD/LeftVirtualJoystickOnly.uasset" 401
"../../../Engine/Content/MobileResources/HUD/MobileHUDButton1_on.uasset" 402
"../../../Engine/Content/MobileResources/HUD/MobileHUDButton2_on.uasset" 403
"../../../Engine/Content/EditorSounds/GamePreview/StartPlayInEditor.uasset" 404
"../../../Engine/Content/EditorSounds/GamePreview/StartPlayInEditor_Cue.uasset" 405
"../../../Engine/Content/MobileResources/HUD/MobileHUDButtonFire.uasset" 406
"../../../Engine/Content/MobileResources/HUD/MobileHUDDirectionPad2.uasset" 407
"../../../Engine/Content/MobileResources/HUD/MobileHUDDirectionStick.uasset" 408
"../../../Engine/Content/MobileResources/HUD/T_Castle_ThumbstickOutter.uasset" 409
"../../../Engine/Content/EditorResources/EmptyActor.uasset" 410
"../../../Engine/Content/BasicShapes/Sphere.uasset" 411
"../../../Engine/Content/BasicShapes/Cylinder.uasset" 412
"../../../Engine/Content/BasicShapes/Cone.uasset" 413
"../../../Engine/Content/EditorMaterials/MakeCompositeARGBLayer.uasset" 414
"../../../Engine/Content/EditorResources/LevelGrid1DStripes.uasset" 415
"../../../Engine/Content/EditorMaterials/TextureGridCascaded1D.uasset" 416
"../../../Engine/Content/EditorMaterials/TextureGridCascaded2D.uasset" 417
"../../../Engine/Content/EditorMaterials/LevelGridMaterial2.uasset" 418
